<?xml version="1.0" encoding="UTF-8"?>
<!-- Generated by org.testng.reporters.JUnitReportReporter -->
<testsuite hostname="HP-PC" name="testget.testlogic" tests="1" failures="0" timestamp="22 Jun 2016 17:57:22 GMT" time="0.065" errors="0">
  <testcase name="testi" time="0.065" classname="testget.testlogic"/>
</testsuite> <!-- testget.testlogic -->
